[2021-06-14 17:12:28,823][INFO] ===================Start===================
[2021-06-14 17:12:41,025][INFO] Open FB page
[2021-06-14 17:12:59,696][INFO] check start
[2021-06-14 17:12:59,705][INFO] scroll down 500
[2021-06-14 17:13:02,331][INFO] click see_more
[2021-06-14 17:13:02,778][INFO] scroll down 500
[2021-06-14 17:13:05,439][INFO] click see_more
[2021-06-14 17:13:06,062][INFO] scroll down 500
[2021-06-14 17:13:08,667][INFO] click see_more
[2021-06-14 17:13:09,245][INFO] scroll down 500
[2021-06-14 17:13:11,872][INFO] click see_more
[2021-06-14 17:13:12,461][INFO] scroll down 500
[2021-06-14 17:13:15,063][INFO] click see_more
[2021-06-14 17:13:15,703][INFO] scroll down 500
[2021-06-14 17:13:18,277][INFO] click see_more
[2021-06-14 17:13:18,959][INFO] scroll down 500
[2021-06-14 17:13:21,548][INFO] click see_more
[2021-06-14 17:13:22,378][INFO] scroll down 500
[2021-06-14 17:13:24,960][INFO] click see_more
[2021-06-14 17:13:25,909][INFO] scroll down 500
[2021-06-14 17:13:28,442][INFO] Exception：element not visible
[2021-06-14 17:13:28,443][INFO] click see_more
[2021-06-14 17:13:29,337][INFO] scroll down 500
[2021-06-14 17:13:31,960][INFO] click see_more
